app/build/intermediates/manifest_merge_blame_file/debug/manifest-merger-blame-debug-report.txt
1<?xml version="1.0" encoding="utf-8"?>
2<manifest xmlns:android="http://schemas.android.com/apk/res/android"
3    package="com.deedima3.noikker"
4    android:versionCode="1"
5    android:versionName="1.0" >
6
7    <uses-sdk
8        android:minSdkVersion="21"
8-->src\main\AndroidManifest.xml
9        android:targetSdkVersion="33" />
9-->src\main\AndroidManifest.xml
10
11    <uses-permission android:name="android.permission.INTERNET" />
11-->src\main\AndroidManifest.xml:4:5-67
11-->src\main\AndroidManifest.xml:4:22-64
12
13    <permission
13-->[androidx.core:core:1.9.0] AndroidManifest.xml:22:5-24:47
14        android:name="com.deedima3.noikker.DYNAMIC_RECEIVER_NOT_EXPORTED_PERMISSION"
14-->[androidx.core:core:1.9.0] AndroidManifest.xml:23:9-81
15        android:protectionLevel="signature" />
15-->[androidx.core:core:1.9.0] AndroidManifest.xml:24:9-44
16
17    <uses-permission android:name="com.deedima3.noikker.DYNAMIC_RECEIVER_NOT_EXPORTED_PERMISSION" />
17-->[androidx.core:core:1.9.0] AndroidManifest.xml:26:5-97
17-->[androidx.core:core:1.9.0] AndroidManifest.xml:26:22-94
18
19    <application
19-->src\main\AndroidManifest.xml:5:5-30:19
20        android:allowBackup="true"
20-->src\main\AndroidManifest.xml:6:9-35
21        android:appComponentFactory="androidx.core.app.CoreComponentFactory"
21-->[androidx.core:core:1.9.0] AndroidManifest.xml:28:18-86
22        android:dataExtractionRules="@xml/data_extraction_rules"
22-->src\main\AndroidManifest.xml:7:9-65
23        android:debuggable="true"
24        android:fullBackupContent="@xml/backup_rules"
24-->src\main\AndroidManifest.xml:8:9-54
25        android:icon="@mipmap/ic_launcher"
25-->src\main\AndroidManifest.xml:9:9-43
26        android:label="@string/app_name"
26-->src\main\AndroidManifest.xml:10:9-41
27        android:roundIcon="@mipmap/ic_launcher_round"
27-->src\main\AndroidManifest.xml:11:9-54
28        android:supportsRtl="true"
28-->src\main\AndroidManifest.xml:12:9-35
29        android:theme="@style/Theme.Noikker" >
29-->src\main\AndroidManifest.xml:13:9-45
30        <activity
30-->src\main\AndroidManifest.xml:15:9-29:20
31            android:name="com.deedima3.noikker.MainActivity"
31-->src\main\AndroidManifest.xml:16:13-41
32            android:exported="true"
32-->src\main\AndroidManifest.xml:17:13-36
33            android:label="@string/app_name"
33-->src\main\AndroidManifest.xml:18:13-45
34            android:theme="@style/Theme.Noikker" >
34-->src\main\AndroidManifest.xml:19:13-49
35            <intent-filter>
35-->src\main\AndroidManifest.xml:20:13-24:29
36                <action android:name="android.intent.action.MAIN" />
36-->src\main\AndroidManifest.xml:21:17-69
36-->src\main\AndroidManifest.xml:21:25-66
37
38                <category android:name="android.intent.category.LAUNCHER" />
38-->src\main\AndroidManifest.xml:23:17-77
38-->src\main\AndroidManifest.xml:23:27-74
39            </intent-filter>
40
41            <meta-data
41-->src\main\AndroidManifest.xml:26:13-28:36
42                android:name="android.app.lib_name"
42-->src\main\AndroidManifest.xml:27:17-52
43                android:value="" />
43-->src\main\AndroidManifest.xml:28:17-33
44        </activity>
45        <activity
45-->[androidx.compose.ui:ui-tooling:1.3.2] AndroidManifest.xml:23:9-25:39
46            android:name="androidx.compose.ui.tooling.PreviewActivity"
46-->[androidx.compose.ui:ui-tooling:1.3.2] AndroidManifest.xml:24:13-71
47            android:exported="true" />
47-->[androidx.compose.ui:ui-tooling:1.3.2] AndroidManifest.xml:25:13-36
48        <activity
48-->[androidx.compose.ui:ui-test-manifest:1.3.2] AndroidManifest.xml:23:9-25:39
49            android:name="androidx.activity.ComponentActivity"
49-->[androidx.compose.ui:ui-test-manifest:1.3.2] AndroidManifest.xml:24:13-63
50            android:exported="true" />
50-->[androidx.compose.ui:ui-test-manifest:1.3.2] AndroidManifest.xml:25:13-36
51
52        <service
52-->[androidx.room:room-runtime:2.4.3] AndroidManifest.xml:25:9-28:40
53            android:name="androidx.room.MultiInstanceInvalidationService"
53-->[androidx.room:room-runtime:2.4.3] AndroidManifest.xml:26:13-74
54            android:directBootAware="true"
54-->[androidx.room:room-runtime:2.4.3] AndroidManifest.xml:27:13-43
55            android:exported="false" />
55-->[androidx.room:room-runtime:2.4.3] AndroidManifest.xml:28:13-37
56
57        <provider
57-->[androidx.profileinstaller:profileinstaller:1.2.0] AndroidManifest.xml:25:9-33:20
58            android:name="androidx.startup.InitializationProvider"
58-->[androidx.profileinstaller:profileinstaller:1.2.0] AndroidManifest.xml:26:13-67
59            android:authorities="com.deedima3.noikker.androidx-startup"
59-->[androidx.profileinstaller:profileinstaller:1.2.0] AndroidManifest.xml:27:13-68
60            android:exported="false" >
60-->[androidx.profileinstaller:profileinstaller:1.2.0] AndroidManifest.xml:28:13-37
61            <meta-data
61-->[androidx.profileinstaller:profileinstaller:1.2.0] AndroidManifest.xml:30:13-32:52
62                android:name="androidx.profileinstaller.ProfileInstallerInitializer"
62-->[androidx.profileinstaller:profileinstaller:1.2.0] AndroidManifest.xml:31:17-85
63                android:value="androidx.startup" />
63-->[androidx.profileinstaller:profileinstaller:1.2.0] AndroidManifest.xml:32:17-49
64        </provider>
65
66        <receiver
66-->[androidx.profileinstaller:profileinstaller:1.2.0] AndroidManifest.xml:35:9-47:20
67            android:name="androidx.profileinstaller.ProfileInstallReceiver"
67-->[androidx.profileinstaller:profileinstaller:1.2.0] AndroidManifest.xml:36:13-76
68            android:directBootAware="false"
68-->[androidx.profileinstaller:profileinstaller:1.2.0] AndroidManifest.xml:37:13-44
69            android:enabled="true"
69-->[androidx.profileinstaller:profileinstaller:1.2.0] AndroidManifest.xml:38:13-35
70            android:exported="true"
70-->[androidx.profileinstaller:profileinstaller:1.2.0] AndroidManifest.xml:39:13-36
71            android:permission="android.permission.DUMP" >
71-->[androidx.profileinstaller:profileinstaller:1.2.0] AndroidManifest.xml:40:13-57
72            <intent-filter>
72-->[androidx.profileinstaller:profileinstaller:1.2.0] AndroidManifest.xml:41:13-43:29
73                <action android:name="androidx.profileinstaller.action.INSTALL_PROFILE" />
73-->[androidx.profileinstaller:profileinstaller:1.2.0] AndroidManifest.xml:42:17-91
73-->[androidx.profileinstaller:profileinstaller:1.2.0] AndroidManifest.xml:42:25-88
74            </intent-filter>
75            <intent-filter>
75-->[androidx.profileinstaller:profileinstaller:1.2.0] AndroidManifest.xml:44:13-46:29
76                <action android:name="androidx.profileinstaller.action.SKIP_FILE" />
76-->[androidx.profileinstaller:profileinstaller:1.2.0] AndroidManifest.xml:45:17-85
76-->[androidx.profileinstaller:profileinstaller:1.2.0] AndroidManifest.xml:45:25-82
77            </intent-filter>
78        </receiver>
79    </application>
80
81</manifest>